#
# There is insufficient memory for the Java Runtime Environment to continue.
# Native memory allocation (mmap) failed to map 264241152 bytes for Failed to commit area from 0x0000000705200000 to 0x0000000714e00000 of length 264241152.
# Possible reasons:
#   The system is out of physical RAM or swap space
#   The process is running with CompressedOops enabled, and the Java Heap may be blocking the growth of the native heap
# Possible solutions:
#   Reduce memory load on the system
#   Increase physical memory or swap space
#   Check if swap backing store is full
#   Decrease Java heap size (-Xmx/-Xms)
#   Decrease number of Java threads
#   Decrease Java thread stack sizes (-Xss)
#   Set larger code cache with -XX:ReservedCodeCacheSize=
# This output file may be truncated or incomplete.
#
#  Out of Memory Error (./src/hotspot/os/windows/os_windows.cpp:3390), pid=16496, tid=21972
#
# JRE version:  (11.0.15+9) (build )
# Java VM: OpenJDK 64-Bit Server VM (11.0.15+9-LTS, mixed mode, sharing, tiered, compressed oops, g1 gc, windows-amd64)
# No core dump will be written. Minidumps are not enabled by default on client versions of Windows
#

---------------  S U M M A R Y ------------

Command Line: -javaagent:C:\Program Files\JetBrains\IntelliJ IDEA Community Edition 2022.1.2\lib\idea_rt.jar=57891:C:\Program Files\JetBrains\IntelliJ IDEA Community Edition 2022.1.2\bin -Dfile.encoding=UTF-8 src.lista6b.exercicio1.Main

Host: Intel(R) Core(TM) i7-10610U CPU @ 1.80GHz, 8 cores, 15G,  Windows 11 , 64 bit Build 22000 (10.0.22000.708)
Time: Mon Jul 18 17:28:51 2022 Hora oficial do Brasil elapsed time: 0.035131 seconds (0d 0h 0m 0s)

---------------  T H R E A D  ---------------

Current thread (0x000002998878a800):  JavaThread "Unknown thread" [_thread_in_vm, id=21972, stack(0x000000e1c9400000,0x000000e1c9500000)]

Stack: [0x000000e1c9400000,0x000000e1c9500000]
Native frames: (J=compiled Java code, j=interpreted, Vv=VM code, C=native code)
V  [jvm.dll+0x61e7ba]
V  [jvm.dll+0x7ab749]
V  [jvm.dll+0x7ace38]
V  [jvm.dll+0x7ad513]
V  [jvm.dll+0x24f968]
V  [jvm.dll+0x61ba5a]
V  [jvm.dll+0x6102b5]
V  [jvm.dll+0x30768c]
V  [jvm.dll+0x307512]
V  [jvm.dll+0x30c226]
V  [jvm.dll+0x3528cf]
V  [jvm.dll+0x352300]
V  [jvm.dll+0x2e4688]
V  [jvm.dll+0x2e57e6]
V  [jvm.dll+0x785597]
V  [jvm.dll+0x786d1f]
V  [jvm.dll+0x35f609]
V  [jvm.dll+0x768530]
V  [jvm.dll+0x3cd0ff]
V  [jvm.dll+0x3cf491]
C  [jli.dll+0x5207]
C  [ucrtbase.dll+0x26c0c]
C  [KERNEL32.DLL+0x154e0]
C  [ntdll.dll+0x485b]


---------------  P R O C E S S  ---------------

Threads class SMR info:
_java_thread_list=0x0000029986437ca0, length=0, elements={
}

Java Threads: ( => current thread )

Other Threads:
  0x00000299887a2800 GCTaskThread "GC Thread#0" [stack: 0x000000e1c9500000,0x000000e1c9600000] [id=2872]
  0x00000299887fd000 ConcurrentGCThread "G1 Main Marker" [stack: 0x000000e1c9600000,0x000000e1c9700000] [id=5028]
  0x0000029988802800 ConcurrentGCThread "G1 Conc#0" [stack: 0x000000e1c9700000,0x000000e1c9800000] [id=1816]

[error occurred during error reporting (printing all threads), id 0xc0000005, EXCEPTION_ACCESS_VIOLATION (0xc0000005) at pc=0x00007ff860f23e57]

VM state:not at safepoint (not fully initialized)

VM Mutex/Monitor currently owned by a thread:  ([mutex/lock_event])
[0x00000299887884f0] Heap_lock - owner thread: 0x000002998878a800

Heap address: 0x0000000705200000, size: 4014 MB, Compressed Oops mode: Non-zero based: 0x0000000705200000
Narrow klass base: 0x0000000000000000, Narrow klass shift: 0

GC Heap History (0 events):
No events

Deoptimization events (0 events):
No events

Classes redefined (0 events):
No events

Internal exceptions (0 events):
No events

Events (1 events):
Event: 0.029 Loaded shared library C:\Users\Davi.Pacheco\.jdks\corretto-11.0.15\bin\zip.dll


Dynamic libraries:
0x00007ff679170000 - 0x00007ff67917d000 	C:\Users\Davi.Pacheco\.jdks\corretto-11.0.15\bin\java.exe
0x00007ff8bab40000 - 0x00007ff8bad49000 	C:\WINDOWS\SYSTEM32\ntdll.dll
0x00007ff8b9d70000 - 0x00007ff8b9e2d000 	C:\WINDOWS\System32\KERNEL32.DLL
0x00007ff8b84f0000 - 0x00007ff8b8869000 	C:\WINDOWS\System32\KERNELBASE.dll
0x00007ff8b82b0000 - 0x00007ff8b83c1000 	C:\WINDOWS\System32\ucrtbase.dll
0x00007ff8acd40000 - 0x00007ff8acd57000 	C:\Users\Davi.Pacheco\.jdks\corretto-11.0.15\bin\jli.dll
0x00007ff8acd60000 - 0x00007ff8acd79000 	C:\Users\Davi.Pacheco\.jdks\corretto-11.0.15\bin\VCRUNTIME140.dll
0x00007ff8b8a00000 - 0x00007ff8b8bac000 	C:\WINDOWS\System32\USER32.dll
0x00007ff8b89a0000 - 0x00007ff8b89c6000 	C:\WINDOWS\System32\win32u.dll
0x00007ff8b89d0000 - 0x00007ff8b89f9000 	C:\WINDOWS\System32\GDI32.dll
0x00007ff8b83d0000 - 0x00007ff8b84e2000 	C:\WINDOWS\System32\gdi32full.dll
0x00007ff8b8210000 - 0x00007ff8b82ad000 	C:\WINDOWS\System32\msvcp_win.dll
0x00007ff8a5380000 - 0x00007ff8a5625000 	C:\WINDOWS\WinSxS\amd64_microsoft.windows.common-controls_6595b64144ccf1df_6.0.22000.120_none_9d947278b86cc467\COMCTL32.dll
0x00007ff8b8d10000 - 0x00007ff8b8db3000 	C:\WINDOWS\System32\msvcrt.dll
0x00007ff8b9800000 - 0x00007ff8b9831000 	C:\WINDOWS\System32\IMM32.DLL
0x00007ff87ca00000 - 0x00007ff87ca9b000 	C:\Users\Davi.Pacheco\.jdks\corretto-11.0.15\bin\msvcp140.dll
0x00007ff860c30000 - 0x00007ff8617b3000 	C:\Users\Davi.Pacheco\.jdks\corretto-11.0.15\bin\server\jvm.dll
0x00007ff8b9cc0000 - 0x00007ff8b9d6e000 	C:\WINDOWS\System32\ADVAPI32.dll
0x00007ff8ba8e0000 - 0x00007ff8ba97e000 	C:\WINDOWS\System32\sechost.dll
0x00007ff8ba7c0000 - 0x00007ff8ba8e0000 	C:\WINDOWS\System32\RPCRT4.dll
0x00007ff8b9e30000 - 0x00007ff8b9e38000 	C:\WINDOWS\System32\PSAPI.DLL
0x00007ff8b16d0000 - 0x00007ff8b16da000 	C:\WINDOWS\SYSTEM32\VERSION.dll
0x00007ff8abbb0000 - 0x00007ff8abbb9000 	C:\WINDOWS\SYSTEM32\WSOCK32.dll
0x00007ff8b8ca0000 - 0x00007ff8b8d0f000 	C:\WINDOWS\System32\WS2_32.dll
0x00007ff8b2180000 - 0x00007ff8b21b3000 	C:\WINDOWS\SYSTEM32\WINMM.dll
0x00007ff8b7120000 - 0x00007ff8b7138000 	C:\WINDOWS\SYSTEM32\kernel.appcore.dll
0x00007ff8ae880000 - 0x00007ff8ae890000 	C:\Users\Davi.Pacheco\.jdks\corretto-11.0.15\bin\verify.dll
0x00007ff8b2470000 - 0x00007ff8b2691000 	C:\WINDOWS\SYSTEM32\DBGHELP.DLL
0x00007ff8a52f0000 - 0x00007ff8a5321000 	C:\WINDOWS\SYSTEM32\dbgcore.DLL
0x00007ff8b8020000 - 0x00007ff8b809f000 	C:\WINDOWS\System32\bcryptPrimitives.dll
0x00007ff8a5220000 - 0x00007ff8a5248000 	C:\Users\Davi.Pacheco\.jdks\corretto-11.0.15\bin\java.dll
0x00007ff8ae190000 - 0x00007ff8ae19a000 	C:\Users\Davi.Pacheco\.jdks\corretto-11.0.15\bin\jimage.dll
0x00007ff8adfd0000 - 0x00007ff8adfde000 	C:\Users\Davi.Pacheco\.jdks\corretto-11.0.15\bin\instrument.dll
0x00007ff8accd0000 - 0x00007ff8acce8000 	C:\Users\Davi.Pacheco\.jdks\corretto-11.0.15\bin\zip.dll

dbghelp: loaded successfully - version: 4.0.5 - missing functions: none
symbol engine: initialized successfully - sym options: 0x614 - pdb path: .;C:\Users\Davi.Pacheco\.jdks\corretto-11.0.15\bin;C:\WINDOWS\SYSTEM32;C:\WINDOWS\WinSxS\amd64_microsoft.windows.common-controls_6595b64144ccf1df_6.0.22000.120_none_9d947278b86cc467;C:\Users\Davi.Pacheco\.jdks\corretto-11.0.15\bin\server

VM Arguments:
jvm_args: -javaagent:C:\Program Files\JetBrains\IntelliJ IDEA Community Edition 2022.1.2\lib\idea_rt.jar=57891:C:\Program Files\JetBrains\IntelliJ IDEA Community Edition 2022.1.2\bin -Dfile.encoding=UTF-8 
java_command: src.lista6b.exercicio1.Main
java_class_path (initial): C:\Users\Davi.Pacheco\IdeaProjects\catalisa4-lista6a\out\production\catalisa4-lista6a
Launcher Type: SUN_STANDARD

[Global flags]
     intx CICompilerCount                          = 4                                         {product} {ergonomic}
     uint ConcGCThreads                            = 2                                         {product} {ergonomic}
     uint G1ConcRefinementThreads                  = 8                                         {product} {ergonomic}
   size_t G1HeapRegionSize                         = 1048576                                   {product} {ergonomic}
    uintx GCDrainStackTargetSize                   = 64                                        {product} {ergonomic}
   size_t InitialHeapSize                          = 264241152                                 {product} {ergonomic}
   size_t MarkStackSize                            = 4194304                                   {product} {ergonomic}
   size_t MaxHeapSize                              = 4208984064                                {product} {ergonomic}
   size_t MinHeapDeltaBytes                        = 1048576                                   {product} {ergonomic}
    uintx NonNMethodCodeHeapSize                   = 5836300                                {pd product} {ergonomic}
    uintx NonProfiledCodeHeapSize                  = 122910970                              {pd product} {ergonomic}
    uintx ProfiledCodeHeapSize                     = 122910970                              {pd product} {ergonomic}
    uintx ReservedCodeCacheSize                    = 251658240                              {pd product} {ergonomic}
     bool SegmentedCodeCache                       = true                                      {product} {ergonomic}
     bool UseCompressedClassPointers               = true                                 {lp64_product} {ergonomic}
     bool UseCompressedOops                        = true                                 {lp64_product} {ergonomic}
     bool UseG1GC                                  = true                                      {product} {ergonomic}
     bool UseLargePagesIndividualAllocation        = false                                  {pd product} {ergonomic}

Logging:
Log output configuration:
 #0: stdout all=warning uptime,level,tags
 #1: stderr all=off uptime,level,tags

Environment Variables:
PATH=C:\Program Files\Common Files\Oracle\Java\javapath;C:\WINDOWS\system32;C:\WINDOWS;C:\WINDOWS\System32\Wbem;C:\WINDOWS\System32\WindowsPowerShell\v1.0\;C:\WINDOWS\System32\OpenSSH\;C:\Program Files\Git\cmd;C:\Users\Davi.Pacheco\AppData\Local\Microsoft\WindowsApps;;C:\Program Files\JetBrains\IntelliJ IDEA Community Edition 2022.1.2\bin;
USERNAME=Davi.Pacheco
OS=Windows_NT
PROCESSOR_IDENTIFIER=Intel64 Family 6 Model 142 Stepping 12, GenuineIntel



---------------  S Y S T E M  ---------------

OS: Windows 11 , 64 bit Build 22000 (10.0.22000.708)
OS uptime: 4 days 3:03 hours

CPU:total 8 (initial active 8) (4 cores per cpu, 2 threads per core) family 6 model 142 stepping 12 microcode 0xf0, cmov, cx8, fxsr, mmx, sse, sse2, sse3, ssse3, sse4.1, sse4.2, popcnt, avx, avx2, aes, clmul, erms, 3dnowpref, lzcnt, ht, tsc, tscinvbit, bmi1, bmi2, adx, fma

Memory: 4k page, system-wide physical 16051M (812M free)
TotalPageFile size 65203M (AvailPageFile size 174M)
current process WorkingSet (physical memory assigned to process): 11M, peak: 11M
current process commit charge ("private bytes"): 60M, peak: 312M

vm_info: OpenJDK 64-Bit Server VM (11.0.15+9-LTS) for windows-amd64 JRE (11.0.15+9-LTS), built on Apr 15 2022 22:20:31 by "Administrator" with unknown MS VC++:1916

END.
